[610ns] Shutting down all processes 
[1.065469ms] Terminating process supervisor with PID 35 (state: S, cmdlind: [supervisor run] <nil>). 
[15.000483582s] Terminating process didn't finish, but had to be force killed 
[15.001233302s] Terminating process sleep with PID 10672 (state: S, cmdlind: [sleep 180] <nil>). 
[15.001298742s] Terminating process code-17baf84113 with PID 307 (state: S, cmdlind: [/home/gitpod/.vscode-server/code-17baf841131aa23349f217ca7c570c76ee87b957 command-shell --cli-data-dir /home/gitpod/.vscode-server/cli --parent-process-id 249 --on-host=127.0.0.1 --on-port] <nil>). 
[15.001309831s] Terminating process bash with PID 247 (state: S, cmdlind: [bash] <nil>). 
[15.001280662s] Terminating process bash with PID 91 (state: S, cmdlind: [/bin/bash] <nil>). 
[15.001392951s] Terminating process didn't finish, but had to be force killed 
[15.001481431s] Terminating process node with PID 444 (state: S, cmdlind: [/home/gitpod/.vscode-server/cli/servers/Stable-17baf841131aa23349f217ca7c570c76ee87b957/server/node /home/gitpod/.vscode-server/cli/servers/Stable-17baf841131aa23349f217ca7c570c76ee87b957/server/out/bootstrap-fork --type=ptyHost --logsPath /home/gitpod/.vscode-server/data/logs/20250504T150216] <nil>). 
[15.001656121s] Process supervisor with PID 35 is a zombie, skipping termination. 
[15.001662391s] Terminating process node with PID 471 (state: S, cmdlind: [/home/gitpod/.vscode-server/cli/servers/Stable-17baf841131aa23349f217ca7c570c76ee87b957/server/node /home/gitpod/.vscode-server/cli/servers/Stable-17baf841131aa23349f217ca7c570c76ee87b957/server/extensions/json-language-features/server/dist/node/jsonServerMain --node-ipc --clientProcessId=391] <nil>). 
[15.001674211s] Terminating process node with PID 391 (state: S, cmdlind: [/home/gitpod/.vscode-server/cli/servers/Stable-17baf841131aa23349f217ca7c570c76ee87b957/server/node --dns-result-order=ipv4first /home/gitpod/.vscode-server/cli/servers/Stable-17baf841131aa23349f217ca7c570c76ee87b957/server/out/bootstrap-fork --type=extensionHost --transformURIs --useHostProxy=false] <nil>). 
[15.001682091s] Terminating process bash with PID 952 (state: S, cmdlind: [/usr/bin/bash --init-file /home/gitpod/.vscode-server/cli/servers/Stable-17baf841131aa23349f217ca7c570c76ee87b957/server/out/vs/workbench/contrib/terminal/common/scripts/shellIntegration-bash.sh] <nil>). 
[15.001681491s] Terminating process sh with PID 249 (state: S, cmdlind: [sh] <nil>). 
[15.001718911s] Terminating process node with PID 861 (state: S, cmdlind: [/home/gitpod/.vscode-server/cli/servers/Stable-17baf841131aa23349f217ca7c570c76ee87b957/server/node /home/gitpod/.vscode-server/extensions/ms-python.vscode-pylance-2025.4.1/dist/server.bundle.js --cancellationReceive=file:05b62c49a7903268a44662c384a08f033e84a59b6f --node-ipc --clientProcessId=391] <nil>). 
[15.001783031s] Terminating process didn't finish, but had to be force killed 
[15.001799641s] Terminating process node with PID 404 (state: S, cmdlind: [/home/gitpod/.vscode-server/cli/servers/Stable-17baf841131aa23349f217ca7c570c76ee87b957/server/node /home/gitpod/.vscode-server/cli/servers/Stable-17baf841131aa23349f217ca7c570c76ee87b957/server/out/bootstrap-fork --type=fileWatcher] <nil>). 
[15.001808421s] Terminating process node with PID 74 (state: S, cmdlind: [/ide/node /ide/out/server-main.js --log=info --install-builtin-extension gitpod.gitpod-theme --install-builtin-extension github.vscode-pull-request-github --port 23000 --host 0.0.0.0 --without-connection-token --server-data-dir /workspace/.vscode-remote --do-not-sync --start-server] <nil>). 
[15.001821371s] Terminating process sh with PID 368 (state: S, cmdlind: [sh /home/gitpod/.vscode-server/cli/servers/Stable-17baf841131aa23349f217ca7c570c76ee87b957/server/bin/code-server --connection-token=remotessh --accept-server-license-terms --install-extension=gitpod.gitpod-remote-ssh --start-server --enable-remote-auto-shutdown --socket-path=/tmp/code-07177c8a-d816-4ff3-ab60-d34dc6cc2270] <nil>). 
[15.001828711s] Terminating process python3 with PID 2636 (state: S, cmdlind: [/usr/bin/python3 -m ipykernel_launcher --f=/home/gitpod/.local/share/jupyter/runtime/kernel-v3a265777884949f0536c812f66bfa2e6d3e523a67.json] <nil>). 
[15.001864251s] Terminating process node with PID 372 (state: S, cmdlind: [/home/gitpod/.vscode-server/cli/servers/Stable-17baf841131aa23349f217ca7c570c76ee87b957/server/node /home/gitpod/.vscode-server/cli/servers/Stable-17baf841131aa23349f217ca7c570c76ee87b957/server/out/server-main.js --connection-token=remotessh --accept-server-license-terms --install-extension=gitpod.gitpod-remote-ssh --start-server --enable-remote-auto-shutdown --socket-path=/tmp/code-07177c8a-d816-4ff3-ab60-d34dc6cc2270] <nil>). 
[15.001836601s] Terminating process node with PID 606 (state: S, cmdlind: [/home/gitpod/.vscode-server/cli/servers/Stable-17baf841131aa23349f217ca7c570c76ee87b957/server/node /home/gitpod/.vscode-server/extensions/redhat.vscode-yaml-1.18.0/dist/languageserver.js --node-ipc --clientProcessId=391] <nil>). 
[15.002041411s] Terminating process didn't finish, but had to be force killed 
[15.00226379s] Terminating process didn't finish, but had to be force killed 
[15.003539059s] Terminating process didn't finish, but had to be force killed 
[15.003964199s] Terminating process didn't finish, but had to be force killed 
[15.004148818s] Terminating process didn't finish, but had to be force killed 
[15.004282578s] Terminating process didn't finish, but had to be force killed 
[15.004592068s] Terminating process didn't finish, but had to be force killed 
[15.005034458s] Terminating process didn't finish, but had to be force killed 
[15.005140967s] Terminating process didn't finish, but had to be force killed 
[15.005211837s] Terminating process didn't finish, but had to be force killed 
[15.005329417s] Terminating process didn't finish, but had to be force killed 
[15.005338337s] Terminating process didn't finish, but had to be force killed 
[15.005473577s] Terminating process didn't finish, but had to be force killed 
[15.007462105s] Process python3 with PID 2636 is a zombie, skipping termination. 
[15.007567695s] Process node with PID 471 is a zombie, skipping termination. 
[15.007599005s] Process node with PID 372 is a zombie, skipping termination. 
[15.007667595s] Process node with PID 74 is a zombie, skipping termination. 
[15.007842955s] Process node with PID 444 is a zombie, skipping termination. 
[15.008329774s] Process node with PID 391 is a zombie, skipping termination. 
[15.008368594s] Process node with PID 861 is a zombie, skipping termination. 
[15.008375304s] Process bash with PID 952 is a zombie, skipping termination. 
[15.008505894s] Process node with PID 404 is a zombie, skipping termination. 
[15.008686694s] Process node with PID 606 is a zombie, skipping termination. 
[15.008953343s] Process python3 with PID 2636 is a zombie, skipping termination. 
[15.008994843s] Process node with PID 372 is a zombie, skipping termination. 
[15.009006263s] Process node with PID 444 is a zombie, skipping termination. 
[15.009018033s] Process node with PID 74 is a zombie, skipping termination. 
[15.009041903s] Process node with PID 606 is a zombie, skipping termination. 
[15.009061303s] Process node with PID 861 is a zombie, skipping termination. 
[15.009100353s] Process node with PID 471 is a zombie, skipping termination. 
[15.009101563s] Process node with PID 391 is a zombie, skipping termination. 
[15.009120183s] Process bash with PID 952 is a zombie, skipping termination. 
[15.009154503s] Process node with PID 404 is a zombie, skipping termination. 
[15.009578913s] Process python3 with PID 2636 is a zombie, skipping termination. 
[15.009592263s] Process node with PID 444 is a zombie, skipping termination. 
[15.009605283s] Process node with PID 606 is a zombie, skipping termination. 
[15.009641413s] Process node with PID 471 is a zombie, skipping termination. 
[15.009647603s] Process node with PID 372 is a zombie, skipping termination. 
[15.009686683s] Process node with PID 861 is a zombie, skipping termination. 
[15.009689063s] Process bash with PID 952 is a zombie, skipping termination. 
[15.009712613s] Process node with PID 74 is a zombie, skipping termination. 
[15.009731573s] Process node with PID 391 is a zombie, skipping termination. 
[15.009737413s] Process node with PID 404 is a zombie, skipping termination. 
[15.010151182s] Process python3 with PID 2636 is a zombie, skipping termination. 
[15.010284112s] Process node with PID 74 is a zombie, skipping termination. 
[15.010393612s] Process node with PID 471 is a zombie, skipping termination. 
[15.010415012s] Process node with PID 861 is a zombie, skipping termination. 
[15.010460112s] Process node with PID 606 is a zombie, skipping termination. 
[15.010470462s] Process node with PID 372 is a zombie, skipping termination. 
[15.010486252s] Process node with PID 391 is a zombie, skipping termination. 
[15.010396202s] Process node with PID 444 is a zombie, skipping termination. 
[15.010546392s] Process node with PID 404 is a zombie, skipping termination. 
[15.010563502s] Process bash with PID 952 is a zombie, skipping termination. 
[15.010923061s] Process python3 with PID 2636 is a zombie, skipping termination. 
[15.010944552s] Process node with PID 74 is a zombie, skipping termination. 
[15.010948192s] Process node with PID 444 is a zombie, skipping termination. 
[15.010970561s] Process node with PID 391 is a zombie, skipping termination. 
[15.011016821s] Process node with PID 404 is a zombie, skipping termination. 
[15.011095591s] Process node with PID 861 is a zombie, skipping termination. 
[15.011101341s] Process node with PID 471 is a zombie, skipping termination. 
[15.011162501s] Couldn't obtain process information for PID 952. 
[15.011098371s] Process node with PID 372 is a zombie, skipping termination. 
[15.011174841s] Process node with PID 606 is a zombie, skipping termination. 
[15.011434711s] Process python3 with PID 2636 is a zombie, skipping termination. 
[15.011441931s] Process node with PID 404 is a zombie, skipping termination. 
[15.011460451s] Process node with PID 372 is a zombie, skipping termination. 
[15.011498721s] Process node with PID 471 is a zombie, skipping termination. 
[15.011544851s] Process node with PID 606 is a zombie, skipping termination. 
[15.011551721s] Process node with PID 861 is a zombie, skipping termination. 
[15.011606091s] Process node with PID 444 is a zombie, skipping termination. 
[15.011651381s] Process node with PID 391 is a zombie, skipping termination. 
[15.011683211s] Process node with PID 74 is a zombie, skipping termination. 
[15.011994391s] Process python3 with PID 2636 is a zombie, skipping termination. 
[15.01203656s] Process node with PID 404 is a zombie, skipping termination. 
[15.01204996s] Process node with PID 471 is a zombie, skipping termination. 
[15.012070051s] Process node with PID 372 is a zombie, skipping termination. 
[15.01209782s] Process node with PID 391 is a zombie, skipping termination. 
[15.012105231s] Process node with PID 74 is a zombie, skipping termination. 
[15.012112891s] Process node with PID 444 is a zombie, skipping termination. 
[15.01214896s] Process node with PID 606 is a zombie, skipping termination. 
[15.01225437s] Process node with PID 861 is a zombie, skipping termination. 
[15.0126067s] Process node with PID 372 is a zombie, skipping termination. 
[15.01261181s] Process python3 with PID 2636 is a zombie, skipping termination. 
[15.01264151s] Process node with PID 74 is a zombie, skipping termination. 
[15.01266536s] Process node with PID 444 is a zombie, skipping termination. 
[15.01272884s] Process node with PID 404 is a zombie, skipping termination. 
[15.01273271s] Process node with PID 391 is a zombie, skipping termination. 
[15.01276136s] Process node with PID 606 is a zombie, skipping termination. 
[15.01278758s] Process node with PID 861 is a zombie, skipping termination. 
[15.01280082s] Process node with PID 471 is a zombie, skipping termination. 
[15.013237219s] Process python3 with PID 2636 is a zombie, skipping termination. 
[15.013262439s] Process node with PID 404 is a zombie, skipping termination. 
[15.013304989s] Process node with PID 471 is a zombie, skipping termination. 
[15.013327329s] Process node with PID 74 is a zombie, skipping termination. 
[15.013344649s] Process node with PID 391 is a zombie, skipping termination. 
[15.013348559s] Process node with PID 444 is a zombie, skipping termination. 
[15.013327449s] Process node with PID 372 is a zombie, skipping termination. 
[15.013393489s] Process node with PID 606 is a zombie, skipping termination. 
[15.013399049s] Process node with PID 861 is a zombie, skipping termination. 
[15.013801309s] Process python3 with PID 2636 is a zombie, skipping termination. 
[15.013835539s] Process node with PID 372 is a zombie, skipping termination. 
[15.013858099s] Process node with PID 471 is a zombie, skipping termination. 
[15.013879769s] Process node with PID 391 is a zombie, skipping termination. 
[15.013897029s] Process node with PID 74 is a zombie, skipping termination. 
[15.013900419s] Process node with PID 606 is a zombie, skipping termination. 
[15.013802029s] Process node with PID 404 is a zombie, skipping termination. 
[15.014017618s] Process node with PID 861 is a zombie, skipping termination. 
[15.014082358s] Process node with PID 444 is a zombie, skipping termination. 
[15.014581198s] Process node with PID 391 is a zombie, skipping termination. 
[15.014623008s] Process node with PID 444 is a zombie, skipping termination. 
[15.014643958s] Process node with PID 74 is a zombie, skipping termination. 
[15.014731328s] Process node with PID 606 is a zombie, skipping termination. 
[15.014792288s] Process python3 with PID 2636 is a zombie, skipping termination. 
[15.014822528s] Process node with PID 861 is a zombie, skipping termination. 
[15.014884657s] Process node with PID 372 is a zombie, skipping termination. 
[15.014985588s] Process node with PID 471 is a zombie, skipping termination. 
[15.015224107s] Process node with PID 404 is a zombie, skipping termination. 
[15.015825376s] Process python3 with PID 2636 is a zombie, skipping termination. 
[15.015866516s] Process node with PID 372 is a zombie, skipping termination. 
[15.015886396s] Process node with PID 404 is a zombie, skipping termination. 
[15.015938816s] Process node with PID 471 is a zombie, skipping termination. 
[15.015959007s] Process node with PID 606 is a zombie, skipping termination. 
[15.015963716s] Process node with PID 74 is a zombie, skipping termination. 
[15.015970496s] Process node with PID 444 is a zombie, skipping termination. 
[15.015977107s] Process node with PID 391 is a zombie, skipping termination. 
[15.015962816s] Process node with PID 861 is a zombie, skipping termination. 
[15.016318186s] Process python3 with PID 2636 is a zombie, skipping termination. 
[15.016370666s] Process node with PID 404 is a zombie, skipping termination. 
[15.016386786s] Process node with PID 372 is a zombie, skipping termination. 
[15.016396186s] Process node with PID 391 is a zombie, skipping termination. 
[15.016406526s] Process node with PID 471 is a zombie, skipping termination. 
[15.016461916s] Process node with PID 606 is a zombie, skipping termination. 
[15.016482716s] Process node with PID 444 is a zombie, skipping termination. 
[15.016517676s] Process node with PID 861 is a zombie, skipping termination. 
[15.016465496s] Process node with PID 74 is a zombie, skipping termination. 
[15.016824955s] Process python3 with PID 2636 is a zombie, skipping termination. 
[15.016830355s] Process node with PID 404 is a zombie, skipping termination. 
[15.016917626s] Process node with PID 372 is a zombie, skipping termination. 
[15.017021955s] Process node with PID 74 is a zombie, skipping termination. 
[15.017023455s] Process node with PID 471 is a zombie, skipping termination. 
[15.017061235s] Process node with PID 606 is a zombie, skipping termination. 
[15.017076985s] Process node with PID 444 is a zombie, skipping termination. 
[15.017177125s] Process node with PID 391 is a zombie, skipping termination. 
[15.017241855s] Process node with PID 861 is a zombie, skipping termination. 
[15.017531125s] Process python3 with PID 2636 is a zombie, skipping termination. 
[15.017558575s] Process node with PID 404 is a zombie, skipping termination. 
[15.017633305s] Process node with PID 471 is a zombie, skipping termination. 
[15.017689035s] Process node with PID 74 is a zombie, skipping termination. 
[15.017715385s] Process node with PID 372 is a zombie, skipping termination. 
[15.017744465s] Process node with PID 444 is a zombie, skipping termination. 
[15.017693025s] Process node with PID 391 is a zombie, skipping termination. 
[15.017689985s] Process node with PID 606 is a zombie, skipping termination. 
[15.018010784s] Process node with PID 861 is a zombie, skipping termination. 
[15.018261284s] Process python3 with PID 2636 is a zombie, skipping termination. 
[15.018294134s] Process node with PID 404 is a zombie, skipping termination. 
[15.018327674s] Process node with PID 606 is a zombie, skipping termination. 
[15.018334784s] Process node with PID 471 is a zombie, skipping termination. 
[15.018354574s] Process node with PID 372 is a zombie, skipping termination. 
[15.018367574s] Process node with PID 391 is a zombie, skipping termination. 
[15.018376194s] Process node with PID 861 is a zombie, skipping termination. 
[15.018425264s] Process node with PID 74 is a zombie, skipping termination. 
[15.018575064s] Process node with PID 444 is a zombie, skipping termination. 
[15.018819284s] Process python3 with PID 2636 is a zombie, skipping termination. 
[15.018827944s] Process node with PID 404 is a zombie, skipping termination. 
[15.018860073s] Process node with PID 471 is a zombie, skipping termination. 
[15.018877313s] Process node with PID 391 is a zombie, skipping termination. 
[15.018889993s] Process node with PID 444 is a zombie, skipping termination. 
[15.018908603s] Process node with PID 372 is a zombie, skipping termination. 
[15.018935723s] Process node with PID 74 is a zombie, skipping termination. 
[15.018943443s] Process node with PID 606 is a zombie, skipping termination. 
[15.018948653s] Process node with PID 861 is a zombie, skipping termination. 
[15.019367093s] Process python3 with PID 2636 is a zombie, skipping termination. 
[15.019392213s] Process node with PID 404 is a zombie, skipping termination. 
[15.019406833s] Process node with PID 606 is a zombie, skipping termination. 
[15.019396223s] Process node with PID 471 is a zombie, skipping termination. 
[15.019444513s] Process node with PID 861 is a zombie, skipping termination. 
[15.019460663s] Process node with PID 444 is a zombie, skipping termination. 
[15.019464893s] Process node with PID 372 is a zombie, skipping termination. 
[15.019489143s] Process node with PID 74 is a zombie, skipping termination. 
[15.019501993s] Process node with PID 391 is a zombie, skipping termination. 
[15.019849192s] Process node with PID 391 is a zombie, skipping termination. 
[15.019861912s] Process python3 with PID 2636 is a zombie, skipping termination. 
[15.019886432s] Process node with PID 372 is a zombie, skipping termination. 
[15.019876532s] Process node with PID 74 is a zombie, skipping termination. 
[15.019936842s] Process node with PID 606 is a zombie, skipping termination. 
[15.019957462s] Process node with PID 444 is a zombie, skipping termination. 
[15.019970172s] Process node with PID 404 is a zombie, skipping termination. 
[15.019973392s] Process node with PID 861 is a zombie, skipping termination. 
[15.019934592s] Process node with PID 471 is a zombie, skipping termination. 
[15.020263632s] Process python3 with PID 2636 is a zombie, skipping termination. 
[15.020292252s] Process node with PID 404 is a zombie, skipping termination. 
[15.020317082s] Process node with PID 372 is a zombie, skipping termination. 
[15.020324062s] Process node with PID 74 is a zombie, skipping termination. 
[15.020347382s] Process node with PID 471 is a zombie, skipping termination. 
[15.020371932s] Process node with PID 444 is a zombie, skipping termination. 
[15.020417392s] Process node with PID 606 is a zombie, skipping termination. 
[15.020421592s] Process node with PID 861 is a zombie, skipping termination. 
[15.020456662s] Process node with PID 391 is a zombie, skipping termination. 
[15.020683362s] Process python3 with PID 2636 is a zombie, skipping termination. 
[15.020716642s] Process node with PID 404 is a zombie, skipping termination. 
[15.020730771s] Process node with PID 471 is a zombie, skipping termination. 
[15.020770691s] Process node with PID 606 is a zombie, skipping termination. 
[15.020780311s] Process node with PID 372 is a zombie, skipping termination. 
[15.020796101s] Process node with PID 444 is a zombie, skipping termination. 
[15.020807461s] Process node with PID 391 is a zombie, skipping termination. 
[15.020825801s] Process node with PID 861 is a zombie, skipping termination. 
[15.020840951s] Process node with PID 74 is a zombie, skipping termination. 
[15.021496181s] Process node with PID 372 is a zombie, skipping termination. 
[15.021534981s] Process node with PID 606 is a zombie, skipping termination. 
[15.021580001s] Process node with PID 861 is a zombie, skipping termination. 
[15.021585501s] Process node with PID 74 is a zombie, skipping termination. 
[15.021500931s] Process node with PID 471 is a zombie, skipping termination. 
[15.021500951s] Process node with PID 391 is a zombie, skipping termination. 
[15.021624201s] Process node with PID 404 is a zombie, skipping termination. 
[15.02168191s] Process node with PID 444 is a zombie, skipping termination. 
[15.02169953s] Process python3 with PID 2636 is a zombie, skipping termination. 
[15.02245243s] Process python3 with PID 2636 is a zombie, skipping termination. 
[15.02249145s] Process node with PID 404 is a zombie, skipping termination. 
[15.02250698s] Process node with PID 372 is a zombie, skipping termination. 
[15.02254317s] Process node with PID 391 is a zombie, skipping termination. 
[15.02251282s] Process node with PID 444 is a zombie, skipping termination. 
[15.02256763s] Process node with PID 471 is a zombie, skipping termination. 
[15.02260774s] Process node with PID 606 is a zombie, skipping termination. 
[15.02261824s] Process node with PID 861 is a zombie, skipping termination. 
[15.0226121s] Process node with PID 74 is a zombie, skipping termination. 
[15.022903739s] Process python3 with PID 2636 is a zombie, skipping termination. 
[15.022917809s] Process node with PID 404 is a zombie, skipping termination. 
[15.022923749s] Process node with PID 471 is a zombie, skipping termination. 
[15.022946399s] Process node with PID 444 is a zombie, skipping termination. 
[15.022978839s] Process node with PID 372 is a zombie, skipping termination. 
[15.023001139s] Process node with PID 391 is a zombie, skipping termination. 
[15.023012429s] Process node with PID 606 is a zombie, skipping termination. 
[15.023021819s] Process node with PID 861 is a zombie, skipping termination. 
[15.023030709s] Process node with PID 74 is a zombie, skipping termination. 
[15.023418759s] Process python3 with PID 2636 is a zombie, skipping termination. 
[15.023429149s] Process node with PID 404 is a zombie, skipping termination. 
[15.023458009s] Process node with PID 471 is a zombie, skipping termination. 
[15.023479089s] Process node with PID 372 is a zombie, skipping termination. 
[15.023515839s] Process node with PID 74 is a zombie, skipping termination. 
[15.023521089s] Process node with PID 391 is a zombie, skipping termination. 
[15.023532379s] Process node with PID 606 is a zombie, skipping termination. 
[15.023532349s] Process node with PID 444 is a zombie, skipping termination. 
[15.023565829s] Process node with PID 861 is a zombie, skipping termination. 
[15.023865828s] Process python3 with PID 2636 is a zombie, skipping termination. 
[15.023922319s] Process node with PID 404 is a zombie, skipping termination. 
[15.023936668s] Process node with PID 471 is a zombie, skipping termination. 
[15.023953348s] Process node with PID 606 is a zombie, skipping termination. 
[15.023973038s] Process node with PID 861 is a zombie, skipping termination. 
[15.023993508s] Process node with PID 74 is a zombie, skipping termination. 
[15.024005628s] Process node with PID 444 is a zombie, skipping termination. 
[15.024034558s] Process node with PID 372 is a zombie, skipping termination. 
[15.024048198s] Process node with PID 391 is a zombie, skipping termination. 
[15.024381258s] Process python3 with PID 2636 is a zombie, skipping termination. 
[15.024387608s] Process node with PID 391 is a zombie, skipping termination. 
[15.024394588s] Process node with PID 74 is a zombie, skipping termination. 
[15.024427188s] Process node with PID 372 is a zombie, skipping termination. 
[15.024476178s] Process node with PID 471 is a zombie, skipping termination. 
[15.024482668s] Process node with PID 404 is a zombie, skipping termination. 
[15.024491858s] Process node with PID 606 is a zombie, skipping termination. 
[15.024501848s] Process node with PID 444 is a zombie, skipping termination. 
[15.024486788s] Process node with PID 861 is a zombie, skipping termination. 
[15.024793008s] Process python3 with PID 2636 is a zombie, skipping termination. 
[15.024807108s] Process node with PID 404 is a zombie, skipping termination. 
[15.024830348s] Process node with PID 606 is a zombie, skipping termination. 
[15.024852327s] Process node with PID 444 is a zombie, skipping termination. 
[15.024807118s] Process node with PID 471 is a zombie, skipping termination. 
[15.024954947s] Process node with PID 372 is a zombie, skipping termination. 
[15.024970538s] Process node with PID 391 is a zombie, skipping termination. 
[15.024927458s] Process node with PID 74 is a zombie, skipping termination. 
[15.024982547s] Process node with PID 861 is a zombie, skipping termination. 
[15.025342797s] Process python3 with PID 2636 is a zombie, skipping termination. 
[15.025349547s] Process node with PID 404 is a zombie, skipping termination. 
[15.025360537s] Process node with PID 372 is a zombie, skipping termination. 
[15.025398837s] Process node with PID 471 is a zombie, skipping termination. 
[15.025423937s] Process node with PID 606 is a zombie, skipping termination. 
[15.025446567s] Process node with PID 74 is a zombie, skipping termination. 
[15.025478607s] Process node with PID 861 is a zombie, skipping termination. 
[15.025449127s] Process node with PID 391 is a zombie, skipping termination. 
[15.025481267s] Process node with PID 444 is a zombie, skipping termination. 
[15.025793306s] Process python3 with PID 2636 is a zombie, skipping termination. 
[15.025809437s] Process node with PID 391 is a zombie, skipping termination. 
[15.025822346s] Process node with PID 74 is a zombie, skipping termination. 
[15.025851857s] Process node with PID 471 is a zombie, skipping termination. 
[15.025875646s] Process node with PID 606 is a zombie, skipping termination. 
[15.025898837s] Process node with PID 861 is a zombie, skipping termination. 
[15.025913577s] Process node with PID 444 is a zombie, skipping termination. 
[15.025918206s] Process node with PID 372 is a zombie, skipping termination. 
[15.025899686s] Process node with PID 404 is a zombie, skipping termination. 
[15.026261966s] Process python3 with PID 2636 is a zombie, skipping termination. 
[15.026285446s] Process node with PID 404 is a zombie, skipping termination. 
[15.026288606s] Process node with PID 471 is a zombie, skipping termination. 
[15.026329926s] Process node with PID 391 is a zombie, skipping termination. 
[15.026329856s] Process node with PID 444 is a zombie, skipping termination. 
[15.026355166s] Process node with PID 372 is a zombie, skipping termination. 
[15.026383306s] Process node with PID 606 is a zombie, skipping termination. 
[15.026387046s] Process node with PID 861 is a zombie, skipping termination. 
[15.026357116s] Process node with PID 74 is a zombie, skipping termination. 
[15.026789256s] Process node with PID 391 is a zombie, skipping termination. 
[15.026829605s] Process node with PID 471 is a zombie, skipping termination. 
[15.026834356s] Process node with PID 861 is a zombie, skipping termination. 
[15.026792725s] Process node with PID 74 is a zombie, skipping termination. 
[15.026835325s] Process node with PID 372 is a zombie, skipping termination. 
[15.026864665s] Process node with PID 606 is a zombie, skipping termination. 
[15.026872116s] Process node with PID 404 is a zombie, skipping termination. 
[15.026916325s] Process node with PID 444 is a zombie, skipping termination. 
[15.026793696s] Process python3 with PID 2636 is a zombie, skipping termination. 
[15.027226785s] Process python3 with PID 2636 is a zombie, skipping termination. 
[15.027250285s] Process node with PID 404 is a zombie, skipping termination. 
[15.027266995s] Process node with PID 372 is a zombie, skipping termination. 
[15.027272685s] Process node with PID 391 is a zombie, skipping termination. 
[15.027297735s] Process node with PID 74 is a zombie, skipping termination. 
[15.027297725s] Process node with PID 471 is a zombie, skipping termination. 
[15.027340205s] Process node with PID 606 is a zombie, skipping termination. 
[15.027345065s] Process node with PID 444 is a zombie, skipping termination. 
[15.027350945s] Process node with PID 861 is a zombie, skipping termination. 
[15.027694304s] Process python3 with PID 2636 is a zombie, skipping termination. 
[15.027729084s] Process node with PID 471 is a zombie, skipping termination. 
[15.027739535s] Process node with PID 606 is a zombie, skipping termination. 
[15.027746995s] Process node with PID 861 is a zombie, skipping termination. 
[15.027698604s] Process node with PID 404 is a zombie, skipping termination. 
[15.027757775s] Process node with PID 74 is a zombie, skipping termination. 
[15.027767295s] Process node with PID 444 is a zombie, skipping termination. 
[15.027787464s] Process node with PID 372 is a zombie, skipping termination. 
[15.027798084s] Process node with PID 391 is a zombie, skipping termination. 
[15.028277164s] Process python3 with PID 2636 is a zombie, skipping termination. 
[15.028305184s] Process node with PID 471 is a zombie, skipping termination. 
[15.028331184s] Process node with PID 444 is a zombie, skipping termination. 
[15.028347854s] Process node with PID 861 is a zombie, skipping termination. 
[15.028377834s] Process node with PID 372 is a zombie, skipping termination. 
[15.028436194s] Process node with PID 74 is a zombie, skipping termination. 
[15.028676003s] Process node with PID 391 is a zombie, skipping termination. 
[15.028660043s] Process node with PID 404 is a zombie, skipping termination. 
[15.028754734s] Process node with PID 606 is a zombie, skipping termination. 
[15.029278783s] Process python3 with PID 2636 is a zombie, skipping termination. 
[15.029311113s] Process node with PID 471 is a zombie, skipping termination. 
[15.029330143s] Process node with PID 404 is a zombie, skipping termination. 
[15.029339443s] Process node with PID 372 is a zombie, skipping termination. 
[15.029288063s] Process node with PID 391 is a zombie, skipping termination. 
[15.029384623s] Process node with PID 74 is a zombie, skipping termination. 
[15.029405123s] Process node with PID 606 is a zombie, skipping termination. 
[15.029409463s] Process node with PID 444 is a zombie, skipping termination. 
[15.029453843s] Process node with PID 861 is a zombie, skipping termination. 
[15.029710062s] Process python3 with PID 2636 is a zombie, skipping termination. 
[15.029725053s] Process node with PID 404 is a zombie, skipping termination. 
[15.029753302s] Process node with PID 471 is a zombie, skipping termination. 
[15.029772832s] Process node with PID 444 is a zombie, skipping termination. 
[15.029786842s] Process node with PID 372 is a zombie, skipping termination. 
[15.029803912s] Process node with PID 606 is a zombie, skipping termination. 
[15.029815372s] Process node with PID 861 is a zombie, skipping termination. 
[15.029846092s] Process node with PID 391 is a zombie, skipping termination. 
[15.029805422s] Process node with PID 74 is a zombie, skipping termination. 
[15.030260652s] Process python3 with PID 2636 is a zombie, skipping termination. 
[15.030276432s] Process node with PID 404 is a zombie, skipping termination. 
[15.030295822s] Process node with PID 471 is a zombie, skipping termination. 
[15.030319232s] Process node with PID 606 is a zombie, skipping termination. 
[15.030367202s] Process node with PID 74 is a zombie, skipping termination. 
[15.030372202s] Process node with PID 391 is a zombie, skipping termination. 
[15.030395092s] Process node with PID 861 is a zombie, skipping termination. 
[15.030322922s] Process node with PID 372 is a zombie, skipping termination. 
[15.030347242s] Process node with PID 444 is a zombie, skipping termination. 
[15.030743721s] Process python3 with PID 2636 is a zombie, skipping termination. 
[15.030781881s] Process node with PID 372 is a zombie, skipping termination. 
[15.030805181s] Process node with PID 391 is a zombie, skipping termination. 
[15.030819281s] Process node with PID 74 is a zombie, skipping termination. 
[15.030782731s] Process node with PID 404 is a zombie, skipping termination. 
[15.030855411s] Process node with PID 444 is a zombie, skipping termination. 
[15.030855721s] Process node with PID 471 is a zombie, skipping termination. 
[15.030856821s] Process node with PID 606 is a zombie, skipping termination. 
[15.030910191s] Process node with PID 861 is a zombie, skipping termination. 
[15.031254071s] Process python3 with PID 2636 is a zombie, skipping termination. 
[15.031269551s] Process node with PID 404 is a zombie, skipping termination. 
[15.031318271s] Process node with PID 372 is a zombie, skipping termination. 
[15.031341481s] Process node with PID 444 is a zombie, skipping termination. 
[15.031364631s] Process node with PID 391 is a zombie, skipping termination. 
[15.031377371s] Process node with PID 606 is a zombie, skipping termination. 
[15.031322571s] Process node with PID 471 is a zombie, skipping termination. 
[15.031390001s] Process node with PID 74 is a zombie, skipping termination. 
[15.031451751s] Process node with PID 861 is a zombie, skipping termination. 
[15.03179572s] Process python3 with PID 2636 is a zombie, skipping termination. 
[15.03180988s] Process node with PID 404 is a zombie, skipping termination. 
[15.0318211s] Process node with PID 471 is a zombie, skipping termination. 
[15.03185904s] Process node with PID 444 is a zombie, skipping termination. 
[15.03189747s] Process node with PID 74 is a zombie, skipping termination. 
[15.03191857s] Process node with PID 606 is a zombie, skipping termination. 
[15.03193189s] Process node with PID 861 is a zombie, skipping termination. 
[15.03190158s] Process node with PID 372 is a zombie, skipping termination. 
[15.03194096s] Process node with PID 391 is a zombie, skipping termination. 
[15.03230315s] Process python3 with PID 2636 is a zombie, skipping termination. 
[15.03233609s] Process node with PID 404 is a zombie, skipping termination. 
[15.03235317s] Process node with PID 372 is a zombie, skipping termination. 
[15.03235515s] Process node with PID 471 is a zombie, skipping termination. 
[15.03237094s] Process node with PID 391 is a zombie, skipping termination. 
[15.032410699s] Process node with PID 861 is a zombie, skipping termination. 
[15.032418759s] Process node with PID 606 is a zombie, skipping termination. 
[15.032421799s] Process node with PID 74 is a zombie, skipping termination. 
[15.03243579s] Process node with PID 444 is a zombie, skipping termination. 
[15.032789489s] Process python3 with PID 2636 is a zombie, skipping termination. 
[15.032811259s] Process node with PID 404 is a zombie, skipping termination. 
[15.032847869s] Process node with PID 372 is a zombie, skipping termination. 
[15.032930649s] Process node with PID 606 is a zombie, skipping termination. 
[15.032951979s] Process node with PID 444 is a zombie, skipping termination. 
[15.032967479s] Process node with PID 391 is a zombie, skipping termination. 
[15.032968269s] Process node with PID 74 is a zombie, skipping termination. 
[15.032970299s] Process node with PID 861 is a zombie, skipping termination. 
[15.032849629s] Process node with PID 471 is a zombie, skipping termination. 
[15.033353718s] Process python3 with PID 2636 is a zombie, skipping termination. 
[15.033360098s] Process node with PID 404 is a zombie, skipping termination. 
[15.033396129s] Process node with PID 372 is a zombie, skipping termination. 
[15.033428389s] Process node with PID 391 is a zombie, skipping termination. 
[15.033446758s] Process node with PID 74 is a zombie, skipping termination. 
[15.033459358s] Process node with PID 444 is a zombie, skipping termination. 
[15.033464098s] Process node with PID 606 is a zombie, skipping termination. 
[15.033464089s] Process node with PID 471 is a zombie, skipping termination. 
[15.033496029s] Process node with PID 861 is a zombie, skipping termination. 
[15.033821258s] Process python3 with PID 2636 is a zombie, skipping termination. 
[15.033855148s] Process node with PID 372 is a zombie, skipping termination. 
[15.033873378s] Process node with PID 391 is a zombie, skipping termination. 
[15.033822778s] Process node with PID 404 is a zombie, skipping termination. 
[15.033865448s] Process node with PID 444 is a zombie, skipping termination. 
[15.033908598s] Process node with PID 471 is a zombie, skipping termination. 
[15.033910838s] Process node with PID 606 is a zombie, skipping termination. 
[15.033916058s] Process node with PID 74 is a zombie, skipping termination. 
[15.033941588s] Process node with PID 861 is a zombie, skipping termination. 
[15.034384777s] Process python3 with PID 2636 is a zombie, skipping termination. 
[15.034394877s] Process node with PID 391 is a zombie, skipping termination. 
[15.034406788s] Process node with PID 471 is a zombie, skipping termination. 
[15.034438657s] Process node with PID 74 is a zombie, skipping termination. 
[15.034464217s] Process node with PID 606 is a zombie, skipping termination. 
[15.034481427s] Process node with PID 372 is a zombie, skipping termination. 
[15.034495637s] Process node with PID 404 is a zombie, skipping termination. 
[15.034506887s] Process node with PID 861 is a zombie, skipping termination. 
[15.034526187s] Process node with PID 444 is a zombie, skipping termination. 
[15.034851217s] Process python3 with PID 2636 is a zombie, skipping termination. 
[15.034871137s] Process node with PID 404 is a zombie, skipping termination. 
[15.034882167s] Process node with PID 372 is a zombie, skipping termination. 
[15.034933087s] Process node with PID 471 is a zombie, skipping termination. 
[15.034945537s] Process node with PID 391 is a zombie, skipping termination. 
[15.034958777s] Process node with PID 444 is a zombie, skipping termination. 
[15.034983407s] Process node with PID 606 is a zombie, skipping termination. 
[15.034990217s] Process node with PID 861 is a zombie, skipping termination. 
[15.034945347s] Process node with PID 74 is a zombie, skipping termination. 
[15.035438746s] Process node with PID 391 is a zombie, skipping termination. 
[15.035469056s] Process node with PID 404 is a zombie, skipping termination. 
[15.035489426s] Process node with PID 444 is a zombie, skipping termination. 
[15.035500966s] Process node with PID 471 is a zombie, skipping termination. 
[15.035559096s] Process node with PID 372 is a zombie, skipping termination. 
[15.035583156s] Process node with PID 861 is a zombie, skipping termination. 
[15.035602276s] Process node with PID 606 is a zombie, skipping termination. 
[15.035747196s] Process python3 with PID 2636 is a zombie, skipping termination. 
[15.035800536s] Process node with PID 74 is a zombie, skipping termination. 
[15.036466885s] Process python3 with PID 2636 is a zombie, skipping termination. 
[15.036486525s] Process node with PID 372 is a zombie, skipping termination. 
[15.036504555s] Process node with PID 404 is a zombie, skipping termination. 
[15.036517365s] Process node with PID 471 is a zombie, skipping termination. 
[15.036558545s] Process node with PID 606 is a zombie, skipping termination. 
[15.036573295s] Process node with PID 74 is a zombie, skipping termination. 
[15.036580995s] Process node with PID 444 is a zombie, skipping termination. 
[15.036605035s] Process node with PID 861 is a zombie, skipping termination. 
[15.036630745s] Process node with PID 391 is a zombie, skipping termination. 
[15.037015805s] Process node with PID 74 is a zombie, skipping termination. 
[15.037032785s] Process node with PID 404 is a zombie, skipping termination. 
[15.037040765s] Process python3 with PID 2636 is a zombie, skipping termination. 
[15.037052085s] Process node with PID 372 is a zombie, skipping termination. 
[15.037072175s] Process node with PID 391 is a zombie, skipping termination. 
[15.037095515s] Process node with PID 471 is a zombie, skipping termination. 
[15.037141594s] Process node with PID 444 is a zombie, skipping termination. 
[15.037147894s] Process node with PID 606 is a zombie, skipping termination. 
[15.037162794s] Process node with PID 861 is a zombie, skipping termination. 
[15.037506474s] Process python3 with PID 2636 is a zombie, skipping termination. 
[15.037529314s] Process node with PID 404 is a zombie, skipping termination. 
[15.037541314s] Process node with PID 372 is a zombie, skipping termination. 
[15.037566224s] Couldn't obtain process information for PID 74. 
[15.037590514s] Process node with PID 391 is a zombie, skipping termination. 
[15.037619694s] Process node with PID 471 is a zombie, skipping termination. 
[15.037634524s] Process node with PID 444 is a zombie, skipping termination. 
[15.037641654s] Process node with PID 606 is a zombie, skipping termination. 
[15.037645944s] Process node with PID 861 is a zombie, skipping termination. 
[15.037935094s] Process node with PID 404 is a zombie, skipping termination. 
[15.037948604s] Process node with PID 391 is a zombie, skipping termination. 
[15.037950694s] Process node with PID 471 is a zombie, skipping termination. 
[15.037952704s] Process python3 with PID 2636 is a zombie, skipping termination. 
[15.037982674s] Process node with PID 444 is a zombie, skipping termination. 
[15.037993804s] Process node with PID 861 is a zombie, skipping termination. 
[15.037997984s] Process node with PID 606 is a zombie, skipping termination. 
[15.038289224s] Process python3 with PID 2636 is a zombie, skipping termination. 
[15.038301904s] Process node with PID 471 is a zombie, skipping termination. 
[15.038336173s] Process node with PID 391 is a zombie, skipping termination. 
[15.038337193s] Process node with PID 606 is a zombie, skipping termination. 
[15.038371924s] Process node with PID 861 is a zombie, skipping termination. 
[15.040001682s] Process node with PID 471 is a zombie, skipping termination. 
[15.040026452s] Process python3 with PID 2636 is a zombie, skipping termination. 
[15.040065482s] Process node with PID 391 is a zombie, skipping termination. 
[15.040078682s] Process node with PID 606 is a zombie, skipping termination. 
[15.040070722s] Process node with PID 861 is a zombie, skipping termination. 
[15.040362622s] Process python3 with PID 2636 is a zombie, skipping termination. 
[15.040401402s] Process node with PID 471 is a zombie, skipping termination. 
[15.040417042s] Process node with PID 861 is a zombie, skipping termination. 
[15.040438122s] Process node with PID 391 is a zombie, skipping termination. 
[15.040418011s] Process node with PID 606 is a zombie, skipping termination. 
[15.040753221s] Process node with PID 471 is a zombie, skipping termination. 
[15.040761871s] Process python3 with PID 2636 is a zombie, skipping termination. 
[15.040774121s] Process node with PID 391 is a zombie, skipping termination. 
[15.040806911s] Process node with PID 606 is a zombie, skipping termination. 
[15.040833651s] Process node with PID 861 is a zombie, skipping termination. 
[15.041146441s] Process python3 with PID 2636 is a zombie, skipping termination. 
[15.041157491s] Process node with PID 471 is a zombie, skipping termination. 
[15.041210271s] Process node with PID 606 is a zombie, skipping termination. 
[15.041231441s] Process node with PID 861 is a zombie, skipping termination. 
[15.041211441s] Process node with PID 391 is a zombie, skipping termination. 
[15.04148919s] Process python3 with PID 2636 is a zombie, skipping termination. 
[15.04154155s] Process node with PID 606 is a zombie, skipping termination. 
[15.041547221s] Process node with PID 391 is a zombie, skipping termination. 
[15.04155459s] Process node with PID 861 is a zombie, skipping termination. 
[15.04150355s] Process node with PID 471 is a zombie, skipping termination. 
[15.04182663s] Process python3 with PID 2636 is a zombie, skipping termination. 
[15.04184622s] Process node with PID 391 is a zombie, skipping termination. 
[15.04183033s] Process node with PID 471 is a zombie, skipping termination. 
[15.04189101s] Process node with PID 861 is a zombie, skipping termination. 
[15.04189213s] Process node with PID 606 is a zombie, skipping termination. 
[15.0421534s] Process python3 with PID 2636 is a zombie, skipping termination. 
[15.0421567s] Process node with PID 471 is a zombie, skipping termination. 
[15.04219956s] Process node with PID 391 is a zombie, skipping termination. 
[15.04222549s] Process node with PID 861 is a zombie, skipping termination. 
[15.04220256s] Process node with PID 606 is a zombie, skipping termination. 
[15.042483969s] Process python3 with PID 2636 is a zombie, skipping termination. 
[15.04249416s] Process node with PID 471 is a zombie, skipping termination. 
[15.042523589s] Process node with PID 606 is a zombie, skipping termination. 
[15.042525739s] Process node with PID 861 is a zombie, skipping termination. 
[15.042496269s] Process node with PID 391 is a zombie, skipping termination. 
[15.042810119s] Process python3 with PID 2636 is a zombie, skipping termination. 
[15.042840309s] Process node with PID 471 is a zombie, skipping termination. 
[15.042865879s] Process node with PID 391 is a zombie, skipping termination. 
[15.042885989s] Process node with PID 606 is a zombie, skipping termination. 
[15.042917069s] Process node with PID 861 is a zombie, skipping termination. 
[15.043190149s] Process python3 with PID 2636 is a zombie, skipping termination. 
[15.043215909s] Process node with PID 471 is a zombie, skipping termination. 
[15.043237469s] Process node with PID 606 is a zombie, skipping termination. 
[15.043262919s] Process node with PID 861 is a zombie, skipping termination. 
[15.043237459s] Process node with PID 391 is a zombie, skipping termination. 
[15.043509748s] Process python3 with PID 2636 is a zombie, skipping termination. 
[15.043540518s] Process node with PID 471 is a zombie, skipping termination. 
[15.043552298s] Process node with PID 606 is a zombie, skipping termination. 
[15.043570728s] Process node with PID 861 is a zombie, skipping termination. 
[15.043596408s] Process node with PID 391 is a zombie, skipping termination. 
[15.043826988s] Process node with PID 471 is a zombie, skipping termination. 
[15.043841498s] Process node with PID 606 is a zombie, skipping termination. 
[15.044054358s] Process node with PID 861 is a zombie, skipping termination. 
[15.044003138s] Process node with PID 391 is a zombie, skipping termination. 
[15.043828138s] Process python3 with PID 2636 is a zombie, skipping termination. 
[15.044655307s] Process python3 with PID 2636 is a zombie, skipping termination. 
[15.044680797s] Process node with PID 391 is a zombie, skipping termination. 
[15.044696587s] Process node with PID 606 is a zombie, skipping termination. 
[15.044660457s] Process node with PID 471 is a zombie, skipping termination. 
[15.044734987s] Process node with PID 861 is a zombie, skipping termination. 
[15.045009117s] Process python3 with PID 2636 is a zombie, skipping termination. 
[15.045030527s] Process node with PID 471 is a zombie, skipping termination. 
[15.045074267s] Process node with PID 861 is a zombie, skipping termination. 
[15.045082127s] Process node with PID 606 is a zombie, skipping termination. 
[15.045088577s] Process node with PID 391 is a zombie, skipping termination. 
[15.045362806s] Process python3 with PID 2636 is a zombie, skipping termination. 
[15.045374396s] Process node with PID 471 is a zombie, skipping termination. 
[15.045384476s] Process node with PID 606 is a zombie, skipping termination. 
[15.045409876s] Process node with PID 861 is a zombie, skipping termination. 
[15.045424566s] Process node with PID 391 is a zombie, skipping termination. 
[15.045660626s] Process python3 with PID 2636 is a zombie, skipping termination. 
[15.045668046s] Process node with PID 471 is a zombie, skipping termination. 
[15.045688346s] Process node with PID 391 is a zombie, skipping termination. 
[15.045705326s] Process node with PID 606 is a zombie, skipping termination. 
[15.045740226s] Process node with PID 861 is a zombie, skipping termination. 
[15.045960286s] Process python3 with PID 2636 is a zombie, skipping termination. 
[15.045978836s] Process node with PID 471 is a zombie, skipping termination. 
[15.045988016s] Process node with PID 391 is a zombie, skipping termination. 
[15.046018256s] Process node with PID 861 is a zombie, skipping termination. 
[15.046021256s] Process node with PID 606 is a zombie, skipping termination. 
[15.046279105s] Process python3 with PID 2636 is a zombie, skipping termination. 
[15.046292235s] Process node with PID 471 is a zombie, skipping termination. 
[15.046297085s] Process node with PID 391 is a zombie, skipping termination. 
[15.046348755s] Process node with PID 861 is a zombie, skipping termination. 
[15.046351085s] Process node with PID 606 is a zombie, skipping termination. 
[15.046587475s] Process python3 with PID 2636 is a zombie, skipping termination. 
[15.046603125s] Process node with PID 471 is a zombie, skipping termination. 
[15.046613175s] Process node with PID 391 is a zombie, skipping termination. 
[15.046641655s] Process node with PID 606 is a zombie, skipping termination. 
[15.046648035s] Process node with PID 861 is a zombie, skipping termination. 
[15.046901875s] Process node with PID 471 is a zombie, skipping termination. 
[15.046943495s] Process node with PID 606 is a zombie, skipping termination. 
[15.046954295s] Process node with PID 861 is a zombie, skipping termination. 
[15.046902155s] Process python3 with PID 2636 is a zombie, skipping termination. 
[15.046955375s] Process node with PID 391 is a zombie, skipping termination. 
[15.047215035s] Process python3 with PID 2636 is a zombie, skipping termination. 
[15.047256524s] Process node with PID 606 is a zombie, skipping termination. 
[15.047256934s] Process node with PID 391 is a zombie, skipping termination. 
[15.047218535s] Process node with PID 471 is a zombie, skipping termination. 
[15.047285054s] Process node with PID 861 is a zombie, skipping termination. 
[15.047516384s] Process python3 with PID 2636 is a zombie, skipping termination. 
[15.047523484s] Process node with PID 471 is a zombie, skipping termination. 
[15.047544944s] Process node with PID 391 is a zombie, skipping termination. 
[15.047574594s] Process node with PID 606 is a zombie, skipping termination. 
[15.047609314s] Process node with PID 861 is a zombie, skipping termination. 
[15.047805314s] Process python3 with PID 2636 is a zombie, skipping termination. 
[15.047817994s] Process node with PID 471 is a zombie, skipping termination. 
[15.047838434s] Process node with PID 391 is a zombie, skipping termination. 
[15.047863214s] Process node with PID 606 is a zombie, skipping termination. 
[15.047901214s] Process node with PID 861 is a zombie, skipping termination. 
[15.048098294s] Process python3 with PID 2636 is a zombie, skipping termination. 
[15.048117854s] Process node with PID 471 is a zombie, skipping termination. 
[15.048140643s] Process node with PID 606 is a zombie, skipping termination. 
[15.048180973s] Process node with PID 391 is a zombie, skipping termination. 
[15.048210763s] Process node with PID 861 is a zombie, skipping termination. 
[15.048429413s] Process python3 with PID 2636 is a zombie, skipping termination. 
[15.048470493s] Process node with PID 606 is a zombie, skipping termination. 
[15.048486053s] Process node with PID 861 is a zombie, skipping termination. 
[15.048519433s] Process node with PID 391 is a zombie, skipping termination. 
[15.048559053s] Process node with PID 471 is a zombie, skipping termination. 
[15.048829863s] Process python3 with PID 2636 is a zombie, skipping termination. 
[15.048836983s] Process node with PID 391 is a zombie, skipping termination. 
[15.048850373s] Process node with PID 471 is a zombie, skipping termination. 
[15.048919733s] Process node with PID 861 is a zombie, skipping termination. 
[15.048922013s] Process node with PID 606 is a zombie, skipping termination. 
[15.049251892s] Process python3 with PID 2636 is a zombie, skipping termination. 
[15.049266172s] Process node with PID 471 is a zombie, skipping termination. 
[15.049308802s] Process node with PID 606 is a zombie, skipping termination. 
[15.049323462s] Process node with PID 391 is a zombie, skipping termination. 
[15.049372202s] Process node with PID 861 is a zombie, skipping termination. 
[15.049722872s] Process python3 with PID 2636 is a zombie, skipping termination. 
[15.049729292s] Process node with PID 471 is a zombie, skipping termination. 
[15.049762792s] Process node with PID 391 is a zombie, skipping termination. 
[15.049730052s] Process node with PID 606 is a zombie, skipping termination. 
[15.049797842s] Process node with PID 861 is a zombie, skipping termination. 
[15.050190272s] Process node with PID 471 is a zombie, skipping termination. 
[15.050219892s] Process node with PID 606 is a zombie, skipping termination. 
[15.050231452s] Process node with PID 861 is a zombie, skipping termination. 
[15.050190961s] Process python3 with PID 2636 is a zombie, skipping termination. 
[15.050278811s] Process node with PID 391 is a zombie, skipping termination. 
[15.050645991s] Couldn't obtain process information for PID 471. 
[15.050654301s] Process python3 with PID 2636 is a zombie, skipping termination. 
[15.050674861s] Process node with PID 606 is a zombie, skipping termination. 
[15.050746801s] Process node with PID 861 is a zombie, skipping termination. 
[15.050938761s] Process node with PID 861 is a zombie, skipping termination. 
[15.051113611s] Process node with PID 861 is a zombie, skipping termination. 
[15.051254371s] Process node with PID 861 is a zombie, skipping termination. 
[15.05138266s] Process node with PID 861 is a zombie, skipping termination. 
[15.05150928s] Process node with PID 861 is a zombie, skipping termination. 
[15.05163659s] Process node with PID 861 is a zombie, skipping termination. 
[15.05175712s] Process node with PID 861 is a zombie, skipping termination. 
[15.05188189s] Process node with PID 861 is a zombie, skipping termination. 
[15.05200503s] Process node with PID 861 is a zombie, skipping termination. 
[15.05213376s] Process node with PID 861 is a zombie, skipping termination. 
[15.052269799s] Process node with PID 861 is a zombie, skipping termination. 
[15.052392439s] Process node with PID 861 is a zombie, skipping termination. 
[15.052514789s] Process node with PID 861 is a zombie, skipping termination. 
[15.052635349s] Process node with PID 861 is a zombie, skipping termination. 
[15.052756279s] Process node with PID 861 is a zombie, skipping termination. 
[15.052967119s] Process node with PID 861 is a zombie, skipping termination. 
[15.053140399s] Process node with PID 861 is a zombie, skipping termination. 
[15.053266269s] Process node with PID 861 is a zombie, skipping termination. 
[15.053389929s] Process node with PID 861 is a zombie, skipping termination. 
[15.053516218s] Process node with PID 861 is a zombie, skipping termination. 
[15.053636188s] Process node with PID 861 is a zombie, skipping termination. 
[15.053757968s] Process node with PID 861 is a zombie, skipping termination. 
[15.053880308s] Process node with PID 861 is a zombie, skipping termination. 
[15.054005778s] Process node with PID 861 is a zombie, skipping termination. 
[15.054141558s] Process node with PID 861 is a zombie, skipping termination. 
[15.054264157s] Process node with PID 861 is a zombie, skipping termination. 
[15.054384677s] Process node with PID 861 is a zombie, skipping termination. 
[15.054511987s] Process node with PID 861 is a zombie, skipping termination. 
[15.054663817s] Process node with PID 861 is a zombie, skipping termination. 
[15.054795567s] Process node with PID 861 is a zombie, skipping termination. 
[15.054942747s] Process node with PID 861 is a zombie, skipping termination. 
[15.055087857s] Process node with PID 861 is a zombie, skipping termination. 
[15.055216687s] Process node with PID 861 is a zombie, skipping termination. 
[15.055359606s] Process node with PID 861 is a zombie, skipping termination. 
[15.055493536s] Process node with PID 861 is a zombie, skipping termination. 
[15.055619186s] Process node with PID 861 is a zombie, skipping termination. 
[15.055747846s] Process node with PID 861 is a zombie, skipping termination. 
[15.055869806s] Process node with PID 861 is a zombie, skipping termination. 
[15.055997726s] Process node with PID 861 is a zombie, skipping termination. 
[15.056145575s] Process node with PID 861 is a zombie, skipping termination. 
[15.056265075s] Process node with PID 861 is a zombie, skipping termination. 
[15.056460825s] Process node with PID 861 is a zombie, skipping termination. 
[15.056735595s] Process node with PID 861 is a zombie, skipping termination. 
[15.057425344s] Process node with PID 861 is a zombie, skipping termination. 
[15.058712513s] Process node with PID 861 is a zombie, skipping termination. 
[15.058912152s] Process node with PID 861 is a zombie, skipping termination. 
[15.059173522s] Process node with PID 861 is a zombie, skipping termination. 
[15.059338742s] Process node with PID 861 is a zombie, skipping termination. 
[15.059467622s] Process node with PID 861 is a zombie, skipping termination. 
[15.059612342s] Process node with PID 861 is a zombie, skipping termination. 
[15.059768522s] Process node with PID 861 is a zombie, skipping termination. 
[15.059926222s] Process node with PID 861 is a zombie, skipping termination. 
[15.060128961s] Process node with PID 861 is a zombie, skipping termination. 
[15.060315371s] Process node with PID 861 is a zombie, skipping termination. 
[15.060472381s] Process node with PID 861 is a zombie, skipping termination. 
[15.060648991s] Process node with PID 861 is a zombie, skipping termination. 
[15.060811541s] Process node with PID 861 is a zombie, skipping termination. 
[15.06104324s] Process node with PID 861 is a zombie, skipping termination. 
[15.06127988s] Process node with PID 861 is a zombie, skipping termination. 
[15.0614757s] Process node with PID 861 is a zombie, skipping termination. 
[15.06166609s] Process node with PID 861 is a zombie, skipping termination. 
[15.06185494s] Process node with PID 861 is a zombie, skipping termination. 
[15.06206528s] Process node with PID 861 is a zombie, skipping termination. 
[15.062262759s] Process node with PID 861 is a zombie, skipping termination. 
[15.062419789s] Process node with PID 861 is a zombie, skipping termination. 
[15.062599459s] Process node with PID 861 is a zombie, skipping termination. 
[15.062804009s] Process node with PID 861 is a zombie, skipping termination. 
[15.062976959s] Process node with PID 861 is a zombie, skipping termination. 
[15.063153708s] Process node with PID 861 is a zombie, skipping termination. 
[15.063363258s] Process node with PID 861 is a zombie, skipping termination. 
[15.063571928s] Process node with PID 861 is a zombie, skipping termination. 
[15.063753468s] Process node with PID 861 is a zombie, skipping termination. 
[15.063969128s] Process node with PID 861 is a zombie, skipping termination. 
[15.064212818s] Process node with PID 861 is a zombie, skipping termination. 
[15.064417217s] Process node with PID 861 is a zombie, skipping termination. 
[15.064621137s] Process node with PID 861 is a zombie, skipping termination. 
[15.064833687s] Process node with PID 861 is a zombie, skipping termination. 
[15.065213106s] Process node with PID 861 is a zombie, skipping termination. 
[15.065411846s] Process node with PID 861 is a zombie, skipping termination. 
[15.065578356s] Process node with PID 861 is a zombie, skipping termination. 
[15.065732236s] Process node with PID 861 is a zombie, skipping termination. 
[15.065936046s] Process node with PID 861 is a zombie, skipping termination. 
[15.066128276s] Process node with PID 861 is a zombie, skipping termination. 
[15.066264115s] Process node with PID 861 is a zombie, skipping termination. 
[15.066412315s] Process node with PID 861 is a zombie, skipping termination. 
[15.066589185s] Process node with PID 861 is a zombie, skipping termination. 
[15.066774275s] Process node with PID 861 is a zombie, skipping termination. 
[15.066958265s] Process node with PID 861 is a zombie, skipping termination. 
[15.067118235s] Process node with PID 861 is a zombie, skipping termination. 
[15.067244644s] Process node with PID 861 is a zombie, skipping termination. 
[15.067403884s] Process node with PID 861 is a zombie, skipping termination. 
[15.067574714s] Process node with PID 861 is a zombie, skipping termination. 
[15.067755324s] Process node with PID 861 is a zombie, skipping termination. 
[15.067935463s] Process node with PID 861 is a zombie, skipping termination. 
[15.068131923s] Process node with PID 861 is a zombie, skipping termination. 
[15.068315013s] Process node with PID 861 is a zombie, skipping termination. 
[15.068490723s] Process node with PID 861 is a zombie, skipping termination. 
[15.068679863s] Process node with PID 861 is a zombie, skipping termination. 
[15.068885453s] Process node with PID 861 is a zombie, skipping termination. 
[15.069084442s] Process node with PID 861 is a zombie, skipping termination. 
[15.069278502s] Process node with PID 861 is a zombie, skipping termination. 
[15.069461492s] Process node with PID 861 is a zombie, skipping termination. 
[15.069645912s] Process node with PID 861 is a zombie, skipping termination. 
[15.069830261s] Process node with PID 861 is a zombie, skipping termination. 
[15.070019841s] Process node with PID 861 is a zombie, skipping termination. 
[15.070236261s] Process node with PID 861 is a zombie, skipping termination. 
[15.070426261s] Process node with PID 861 is a zombie, skipping termination. 
[15.070618541s] Process node with PID 861 is a zombie, skipping termination. 
[15.0708209s] Process node with PID 861 is a zombie, skipping termination. 
[15.07097269s] Process node with PID 861 is a zombie, skipping termination. 
[15.07117203s] Process node with PID 861 is a zombie, skipping termination. 
[15.07134183s] Process node with PID 861 is a zombie, skipping termination. 
[15.07153398s] Process node with PID 861 is a zombie, skipping termination. 
[15.071714919s] Process node with PID 861 is a zombie, skipping termination. 
[15.071929899s] Process node with PID 861 is a zombie, skipping termination. 
[15.072139859s] Process node with PID 861 is a zombie, skipping termination. 
[15.072313279s] Process node with PID 861 is a zombie, skipping termination. 
[15.072493069s] Process node with PID 861 is a zombie, skipping termination. 
[15.072672629s] Process node with PID 861 is a zombie, skipping termination. 
[15.072853218s] Process node with PID 861 is a zombie, skipping termination. 
[15.073054948s] Process node with PID 861 is a zombie, skipping termination. 
[15.073252928s] Process node with PID 861 is a zombie, skipping termination. 
[15.073420378s] Process node with PID 861 is a zombie, skipping termination. 
[15.073620618s] Process node with PID 861 is a zombie, skipping termination. 
[15.073813717s] Process node with PID 861 is a zombie, skipping termination. 
[15.073992127s] Process node with PID 861 is a zombie, skipping termination. 
[15.074185347s] Process node with PID 861 is a zombie, skipping termination. 
[15.074363527s] Process node with PID 861 is a zombie, skipping termination. 
[15.074551107s] Process node with PID 861 is a zombie, skipping termination. 
[15.074723097s] Process node with PID 861 is a zombie, skipping termination. 
[15.074912087s] Process node with PID 861 is a zombie, skipping termination. 
[15.075086426s] Process node with PID 861 is a zombie, skipping termination. 
[15.075284306s] Process node with PID 861 is a zombie, skipping termination. 
[15.075465096s] Process node with PID 861 is a zombie, skipping termination. 
[15.075647886s] Process node with PID 861 is a zombie, skipping termination. 
[15.075831256s] Process node with PID 861 is a zombie, skipping termination. 
[15.076033295s] Process node with PID 861 is a zombie, skipping termination. 
[15.076220325s] Process node with PID 861 is a zombie, skipping termination. 
[15.076423445s] Process node with PID 861 is a zombie, skipping termination. 
[15.076601335s] Process node with PID 861 is a zombie, skipping termination. 
[15.076789285s] Process node with PID 861 is a zombie, skipping termination. 
[15.089091362s] Process node with PID 861 is a zombie, skipping termination. 
[15.089322872s] Process node with PID 861 is a zombie, skipping termination. 
[15.089510362s] Process node with PID 861 is a zombie, skipping termination. 
[15.089642712s] Process node with PID 861 is a zombie, skipping termination. 
[15.089774212s] Process node with PID 861 is a zombie, skipping termination. 
[15.089911081s] Process node with PID 861 is a zombie, skipping termination. 
[15.090043121s] Process node with PID 861 is a zombie, skipping termination. 
[15.090169321s] Process node with PID 861 is a zombie, skipping termination. 
[15.090375131s] Process node with PID 861 is a zombie, skipping termination. 
[15.090536381s] Process node with PID 861 is a zombie, skipping termination. 
[15.090694481s] Process node with PID 861 is a zombie, skipping termination. 
[15.090881191s] Process node with PID 861 is a zombie, skipping termination. 
[15.09101038s] Process node with PID 861 is a zombie, skipping termination. 
[15.09113956s] Process node with PID 861 is a zombie, skipping termination. 
[15.09128387s] Process node with PID 861 is a zombie, skipping termination. 
[15.09141091s] Process node with PID 861 is a zombie, skipping termination. 
[15.09154137s] Process node with PID 861 is a zombie, skipping termination. 
[15.091683339s] Process node with PID 861 is a zombie, skipping termination. 
[15.091850409s] Process node with PID 861 is a zombie, skipping termination. 
[15.091984899s] Process node with PID 861 is a zombie, skipping termination. 
[15.092125229s] Process node with PID 861 is a zombie, skipping termination. 
[15.092245779s] Process node with PID 861 is a zombie, skipping termination. 
[15.092390329s] Process node with PID 861 is a zombie, skipping termination. 
[15.092512579s] Process node with PID 861 is a zombie, skipping termination. 
[15.092657549s] Process node with PID 861 is a zombie, skipping termination. 
[15.092804598s] Process node with PID 861 is a zombie, skipping termination. 
[15.093031538s] Process node with PID 861 is a zombie, skipping termination. 
[15.093194828s] Process node with PID 861 is a zombie, skipping termination. 
[15.093331468s] Process node with PID 861 is a zombie, skipping termination. 
[15.093478998s] Process node with PID 861 is a zombie, skipping termination. 
[15.093601977s] Process node with PID 861 is a zombie, skipping termination. 
[15.093740107s] Process node with PID 861 is a zombie, skipping termination. 
[15.093883437s] Process node with PID 861 is a zombie, skipping termination. 
[15.094022867s] Process node with PID 861 is a zombie, skipping termination. 
[15.094147457s] Process node with PID 861 is a zombie, skipping termination. 
[15.094262727s] Process node with PID 861 is a zombie, skipping termination. 
[15.094381077s] Process node with PID 861 is a zombie, skipping termination. 
[15.094574947s] Process node with PID 861 is a zombie, skipping termination. 
[15.094706796s] Process node with PID 861 is a zombie, skipping termination. 
[15.094859516s] Process node with PID 861 is a zombie, skipping termination. 
[15.095020016s] Process node with PID 861 is a zombie, skipping termination. 
[15.095154536s] Process node with PID 861 is a zombie, skipping termination. 
[15.095275876s] Process node with PID 861 is a zombie, skipping termination. 
[15.095396686s] Process node with PID 861 is a zombie, skipping termination. 
[15.095512386s] Process node with PID 861 is a zombie, skipping termination. 
[15.095654455s] Process node with PID 861 is a zombie, skipping termination. 
[15.095777195s] Process node with PID 861 is a zombie, skipping termination. 
[15.095939905s] Process node with PID 861 is a zombie, skipping termination. 
[15.096096325s] Process node with PID 861 is a zombie, skipping termination. 
[15.096225885s] Process node with PID 861 is a zombie, skipping termination. 
[15.096357295s] Process node with PID 861 is a zombie, skipping termination. 
[15.096481254s] Process node with PID 861 is a zombie, skipping termination. 
[15.096601884s] Process node with PID 861 is a zombie, skipping termination. 
[15.096762714s] Process node with PID 861 is a zombie, skipping termination. 
[15.097119894s] Process node with PID 861 is a zombie, skipping termination. 
[15.097743613s] Process node with PID 861 is a zombie, skipping termination. 
[15.097893083s] Process node with PID 861 is a zombie, skipping termination. 
[15.098030113s] Process node with PID 861 is a zombie, skipping termination. 
[15.098177543s] Process node with PID 861 is a zombie, skipping termination. 
[15.098304643s] Process node with PID 861 is a zombie, skipping termination. 
[15.098432043s] Process node with PID 861 is a zombie, skipping termination. 
[15.098550792s] Process node with PID 861 is a zombie, skipping termination. 
[15.098671372s] Process node with PID 861 is a zombie, skipping termination. 
[15.098790072s] Process node with PID 861 is a zombie, skipping termination. 
[15.098915922s] Process node with PID 861 is a zombie, skipping termination. 
[15.099043482s] Process node with PID 861 is a zombie, skipping termination. 
[15.099167572s] Process node with PID 861 is a zombie, skipping termination. 
[15.099289072s] Process node with PID 861 is a zombie, skipping termination. 
[15.099413492s] Process node with PID 861 is a zombie, skipping termination. 
[15.099540822s] Process node with PID 861 is a zombie, skipping termination. 
[15.099661271s] Process node with PID 861 is a zombie, skipping termination. 
[15.099782502s] Process node with PID 861 is a zombie, skipping termination. 
[15.099912351s] Process node with PID 861 is a zombie, skipping termination. 
[15.100035771s] Process node with PID 861 is a zombie, skipping termination. 
[15.100171261s] Process node with PID 861 is a zombie, skipping termination. 
[15.100302761s] Process node with PID 861 is a zombie, skipping termination. 
[15.100481331s] Process node with PID 861 is a zombie, skipping termination. 
[15.100607751s] Process node with PID 861 is a zombie, skipping termination. 
[15.10073379s] Process node with PID 861 is a zombie, skipping termination. 
[15.10094491s] Process node with PID 861 is a zombie, skipping termination. 
[15.10109419s] Process node with PID 861 is a zombie, skipping termination. 
[15.10125116s] Process node with PID 861 is a zombie, skipping termination. 
[15.10142231s] Process node with PID 861 is a zombie, skipping termination. 
[15.10160191s] Process node with PID 861 is a zombie, skipping termination. 
[15.101774269s] Process node with PID 861 is a zombie, skipping termination. 
[15.101963029s] Process node with PID 861 is a zombie, skipping termination. 
[15.102159059s] Process node with PID 861 is a zombie, skipping termination. 
[15.102341899s] Process node with PID 861 is a zombie, skipping termination. 
[15.102512749s] Process node with PID 861 is a zombie, skipping termination. 
[15.102689679s] Process node with PID 861 is a zombie, skipping termination. 
[15.102935418s] Process node with PID 861 is a zombie, skipping termination. 
[15.103140028s] Process node with PID 861 is a zombie, skipping termination. 
[15.103336558s] Process node with PID 861 is a zombie, skipping termination. 
[15.103537298s] Process node with PID 861 is a zombie, skipping termination. 
[15.103726507s] Process node with PID 861 is a zombie, skipping termination. 
[15.103905357s] Process node with PID 861 is a zombie, skipping termination. 
[15.104086077s] Process node with PID 861 is a zombie, skipping termination. 
[15.104267897s] Process node with PID 861 is a zombie, skipping termination. 
[15.104449337s] Process node with PID 861 is a zombie, skipping termination. 
[15.104626297s] Process node with PID 861 is a zombie, skipping termination. 
[15.104812336s] Process node with PID 861 is a zombie, skipping termination. 
[15.105055216s] Process node with PID 861 is a zombie, skipping termination. 
[15.105253456s] Process node with PID 861 is a zombie, skipping termination. 
[15.105465176s] Process node with PID 861 is a zombie, skipping termination. 
[15.105639685s] Process node with PID 861 is a zombie, skipping termination. 
[15.105833295s] Process node with PID 861 is a zombie, skipping termination. 
[15.106049975s] Process node with PID 861 is a zombie, skipping termination. 
[15.106269345s] Process node with PID 861 is a zombie, skipping termination. 
[15.106462175s] Process node with PID 861 is a zombie, skipping termination. 
[15.106635514s] Process node with PID 861 is a zombie, skipping termination. 
[15.106823434s] Process node with PID 861 is a zombie, skipping termination. 
[15.107019574s] Process node with PID 861 is a zombie, skipping termination. 
[15.107201524s] Process node with PID 861 is a zombie, skipping termination. 
[15.107379954s] Process node with PID 861 is a zombie, skipping termination. 
[15.107558583s] Process node with PID 861 is a zombie, skipping termination. 
[15.107734483s] Process node with PID 861 is a zombie, skipping termination. 
[15.107921733s] Process node with PID 861 is a zombie, skipping termination. 
[15.108057763s] Process node with PID 861 is a zombie, skipping termination. 
[15.108243573s] Process node with PID 861 is a zombie, skipping termination. 
[15.108417242s] Process node with PID 861 is a zombie, skipping termination. 
[15.108602752s] Process node with PID 861 is a zombie, skipping termination. 
[15.108800472s] Process node with PID 861 is a zombie, skipping termination. 
[15.109033022s] Process node with PID 861 is a zombie, skipping termination. 
[15.109225172s] Process node with PID 861 is a zombie, skipping termination. 
[15.109551761s] Process node with PID 861 is a zombie, skipping termination. 
[15.109712901s] Process node with PID 861 is a zombie, skipping termination. 
[15.109893011s] Process node with PID 861 is a zombie, skipping termination. 
[15.110081471s] Process node with PID 861 is a zombie, skipping termination. 
[15.110285051s] Process node with PID 861 is a zombie, skipping termination. 
[15.110473911s] Process node with PID 861 is a zombie, skipping termination. 
[15.11065277s] Process node with PID 861 is a zombie, skipping termination. 
[15.11085309s] Process node with PID 861 is a zombie, skipping termination. 
[15.11103789s] Process node with PID 861 is a zombie, skipping termination. 
[15.11123345s] Process node with PID 861 is a zombie, skipping termination. 
[15.111419579s] Process node with PID 861 is a zombie, skipping termination. 
[15.11160389s] Process node with PID 861 is a zombie, skipping termination. 
[15.111794089s] Process node with PID 861 is a zombie, skipping termination. 
[15.111981419s] Process node with PID 861 is a zombie, skipping termination. 
[15.112172369s] Process node with PID 861 is a zombie, skipping termination. 
[15.112357159s] Process node with PID 861 is a zombie, skipping termination. 
[15.112540498s] Process node with PID 861 is a zombie, skipping termination. 
[15.112724068s] Process node with PID 861 is a zombie, skipping termination. 
[15.112994528s] Process node with PID 861 is a zombie, skipping termination. 
[15.113217348s] Process node with PID 861 is a zombie, skipping termination. 
[15.113411288s] Process node with PID 861 is a zombie, skipping termination. 
[15.113604597s] Process node with PID 861 is a zombie, skipping termination. 
[15.113812897s] Process node with PID 861 is a zombie, skipping termination. 
[15.113973397s] Process node with PID 861 is a zombie, skipping termination. 
[15.114104027s] Process node with PID 861 is a zombie, skipping termination. 
[15.114239367s] Process node with PID 861 is a zombie, skipping termination. 
[15.114365397s] Process node with PID 861 is a zombie, skipping termination. 
[15.114570667s] Couldn't obtain process information for PID 861. 
[16.000752138s] Finished shutting down all processes. 
